<?xml version="1.0" encoding="utf-8"?><testsuites name="pytest tests"><testsuite name="pytest" errors="0" failures="0" skipped="0" tests="15" time="62.397" timestamp="2026-09-21T22:39:27.990702+00:00" hostname="agent-env-9b5e7326-ffd2-46cf-bb87-d1590049d7f6"><testcase classname="tests.test_j_calendar.TestFolderJFields" name="test_create_folder_with_j_fields" time="30.535" /><testcase classname="tests.test_j_calendar.TestFolderJFields" name="test_normalize_offsets_on_create" time="0.084" /><testcase classname="tests.test_j_calendar.TestFolderJFields" name="test_patch_folder_j_offsets_updates_schedule" time="0.271" /><testcase classname="tests.test_j_calendar.TestFolderJFields" name="test_patch_folder_disables_schedule" time="0.154" /><testcase classname="tests.test_j_calendar.TestJScheduleCRUD" name="test_upsert_returns_folder_topic_color" time="0.260" /><testcase classname="tests.test_j_calendar.TestJScheduleCRUD" name="test_disabled_upsert_deletes" time="0.204" /><testcase classname="tests.test_j_calendar.TestJScheduleCRUD" name="test_invalid_j0_returns_400" time="0.066" /><testcase classname="tests.test_j_calendar.TestJScheduleCRUD" name="test_unknown_folder_returns_404" time="0.089" /><testcase classname="tests.test_j_calendar.TestJScheduleCRUD" name="test_delete_schedule" time="0.264" /><testcase classname="tests.test_j_calendar.TestJEvents" name="test_list_events_and_upcoming" time="0.802" /><testcase classname="tests.test_j_calendar.TestJPresets" name="test_create_normalizes_and_delete" time="0.246" /><testcase classname="tests.test_j_calendar.TestProfile" name="test_reminder_hour_validation" time="0.095" /><testcase classname="tests.test_j_calendar.TestProfile" name="test_anchor_size_validation" time="0.187" /><testcase classname="tests.test_j_calendar.TestProfile" name="test_profile_updates_persist" time="0.154" /><testcase classname="tests.test_j_calendar.TestGenerationCreatesJSchedule" name="test_generate_once_and_verify_j_schedule" time="28.935" /></testsuite></testsuites>