<?xml version="1.0" encoding="utf-8"?><testsuites name="pytest tests"><testsuite name="pytest" errors="0" failures="0" skipped="0" tests="21" time="46.864" timestamp="2026-09-21T22:01:41.778688+00:00" hostname="agent-env-9b5e7326-ffd2-46cf-bb87-d1590049d7f6"><testcase classname="tests.test_kwizz_api.TestAuth" name="test_register_login_me" time="1.018" /><testcase classname="tests.test_kwizz_api.TestAuth" name="test_login_wrong_password" time="0.309" /><testcase classname="tests.test_kwizz_api.TestAuth" name="test_register_duplicate" time="0.119" /><testcase classname="tests.test_kwizz_api.TestAuth" name="test_unauth_protected" time="0.073" /><testcase classname="tests.test_kwizz_api.TestAuth" name="test_show_grade_toggle" time="0.199" /><testcase classname="tests.test_kwizz_api.TestFolders" name="test_topic_folder_color" time="0.078" /><testcase classname="tests.test_kwizz_api.TestFolders" name="test_subfolder_inherits_lighter_color" time="0.076" /><testcase classname="tests.test_kwizz_api.TestFolders" name="test_list_folders_with_counts" time="0.079" /><testcase classname="tests.test_kwizz_api.TestFolders" name="test_breadcrumb" time="0.072" /><testcase classname="tests.test_kwizz_api.TestFolders" name="test_update_folder" time="0.071" /><testcase classname="tests.test_kwizz_api.TestFolders" name="test_soft_delete_folder" time="0.217" /><testcase classname="tests.test_kwizz_api.TestSources" name="test_create_text_source" time="0.080" /><testcase classname="tests.test_kwizz_api.TestSources" name="test_list_sources" time="0.109" /><testcase classname="tests.test_kwizz_api.TestQuiz" name="test_quiz_shape" time="28.436" /><testcase classname="tests.test_kwizz_api.TestQuiz" name="test_submit_perfect_score" time="0.144" /><testcase classname="tests.test_kwizz_api.TestQuiz" name="test_submit_edn_partial_scoring" time="0.086" /><testcase classname="tests.test_kwizz_api.TestReview" name="test_review_topics_grouping" time="0.088" /><testcase classname="tests.test_kwizz_api.TestReview" name="test_review_quiz_build" time="0.078" /><testcase classname="tests.test_kwizz_api.TestAnchor" name="test_anchor_status_has_pool" time="0.086" /><testcase classname="tests.test_kwizz_api.TestAnchor" name="test_anchor_daily_idempotent" time="0.159" /><testcase classname="tests.test_kwizz_api.TestChat" name="test_chat_answer" time="15.230" /></testsuite></testsuites>