<?xml version="1.0" encoding="utf-8"?><testsuites name="pytest tests"><testsuite name="pytest" errors="0" failures="0" skipped="0" tests="18" time="29.409" timestamp="2026-09-21T22:48:06.325771+00:00" hostname="agent-env-9b5e7326-ffd2-46cf-bb87-d1590049d7f6"><testcase classname="tests.test_qcm_jobs" name="test_login_and_me" time="0.561" /><testcase classname="tests.test_qcm_jobs.TestJobGeneration" name="test_generate_returns_pending_job" time="0.066" /><testcase classname="tests.test_qcm_jobs.TestJobGeneration" name="test_poll_job_until_done" time="25.953" /><testcase classname="tests.test_qcm_jobs.TestJobGeneration" name="test_quiz_has_structured_questions" time="0.071" /><testcase classname="tests.test_qcm_jobs.TestJobsListing" name="test_list_jobs_empty_or_active" time="0.294" /><testcase classname="tests.test_qcm_jobs.TestJobsListing" name="test_delete_missing_job_is_ok" time="0.065" /><testcase classname="tests.test_qcm_jobs.TestJScheduleSeeded" name="test_get_schedule" time="0.068" /><testcase classname="tests.test_qcm_jobs.TestJScheduleSeeded" name="test_put_updates_offsets_and_j0" time="0.068" /><testcase classname="tests.test_qcm_jobs.TestJScheduleSeeded" name="test_events_window_returns_expected" time="0.326" /><testcase classname="tests.test_qcm_jobs.TestJScheduleSeeded" name="test_upcoming_has_reminder_hour" time="0.067" /><testcase classname="tests.test_qcm_jobs.TestJScheduleSeeded" name="test_disable_then_reenable_with_today" time="0.262" /><testcase classname="tests.test_qcm_jobs.TestJPresetsFlow" name="test_add_preset" time="0.067" /><testcase classname="tests.test_qcm_jobs.TestJPresetsFlow" name="test_preset_appears_on_me" time="0.062" /><testcase classname="tests.test_qcm_jobs.TestJPresetsFlow" name="test_delete_preset" time="0.067" /><testcase classname="tests.test_qcm_jobs.TestProfileNew" name="test_reject_anchor_size_200" time="0.063" /><testcase classname="tests.test_qcm_jobs.TestProfileNew" name="test_reject_anchor_size_below_5" time="0.065" /><testcase classname="tests.test_qcm_jobs.TestProfileNew" name="test_update_reminder_hour_and_size" time="0.133" /><testcase classname="tests.test_qcm_jobs.TestFolderJPatch" name="test_create_and_patch_disable" time="1.096" /></testsuite></testsuites>